Determining if the pthread_create exist failed with the following output:
Change Dir: /home/ubuntu/htn_ws/build/imu_tools/CMakeFiles/CMakeTmp

Run Build Command:"/usr/bin/make" "cmTC_1d71b/fast"
/usr/bin/make -f CMakeFiles/cmTC_1d71b.dir/build.make CMakeFiles/cmTC_1d71b.dir/build
make[1]: Entering directory '/home/ubuntu/htn_ws/build/imu_tools/CMakeFiles/CMakeTmp'
Building C object CMakeFiles/cmTC_1d71b.dir/CheckSymbolExists.c.o
/usr/bin/cc     -o CMakeFiles/cmTC_1d71b.dir/CheckSymbolExists.c.o   -c /home/ubuntu/htn_ws/build/imu_tools/CMakeFiles/CMakeTmp/CheckSymbolExists.c
Linking C executable cmTC_1d71b
/usr/bin/cmake -E cmake_link_script CMakeFiles/cmTC_1d71b.dir/link.txt --verbose=1
/usr/bin/cc       CMakeFiles/cmTC_1d71b.dir/CheckSymbolExists.c.o  -o cmTC_1d71b -rdynamic 
CMakeFiles/cmTC_1d71b.dir/CheckSymbolExists.c.o: In function `main':
CheckSymbolExists.c:(.text+0xe): undefined reference to `pthread_create'
CheckSymbolExists.c:(.text+0x12): undefined reference to `pthread_create'
collect2: error: ld returned 1 exit status
CMakeFiles/cmTC_1d71b.dir/build.make:97: recipe for target 'cmTC_1d71b' failed
make[1]: *** [cmTC_1d71b] Error 1
make[1]: Leaving directory '/home/ubuntu/htn_ws/build/imu_tools/CMakeFiles/CMakeTmp'
Makefile:126: recipe for target 'cmTC_1d71b/fast' failed
make: *** [cmTC_1d71b/fast] Error 2

File /home/ubuntu/htn_ws/build/imu_tools/CMakeFiles/CMakeTmp/CheckSymbolExists.c:
/* */
#include <pthread.h>

int main(int argc, char** argv)
{
  (void)argv;
#ifndef pthread_create
  return ((int*)(&pthread_create))[argc];
#else
  (void)argc;
  return 0;
#endif
}

Determining if the function pthread_create exists in the pthreads failed with the following output:
Change Dir: /home/ubuntu/htn_ws/build/imu_tools/CMakeFiles/CMakeTmp

Run Build Command:"/usr/bin/make" "cmTC_4c629/fast"
/usr/bin/make -f CMakeFiles/cmTC_4c629.dir/build.make CMakeFiles/cmTC_4c629.dir/build
make[1]: Entering directory '/home/ubuntu/htn_ws/build/imu_tools/CMakeFiles/CMakeTmp'
Building C object CMakeFiles/cmTC_4c629.dir/CheckFunctionExists.c.o
/usr/bin/cc    -DCHECK_FUNCTION_EXISTS=pthread_create   -o CMakeFiles/cmTC_4c629.dir/CheckFunctionExists.c.o   -c /usr/share/cmake-3.5/Modules/CheckFunctionExists.c
Linking C executable cmTC_4c629
/usr/bin/cmake -E cmake_link_script CMakeFiles/cmTC_4c629.dir/link.txt --verbose=1
/usr/bin/cc   -DCHECK_FUNCTION_EXISTS=pthread_create    CMakeFiles/cmTC_4c629.dir/CheckFunctionExists.c.o  -o cmTC_4c629 -rdynamic -lpthreads 
/usr/bin/ld: cannot find -lpthreads
collect2: error: ld returned 1 exit status
CMakeFiles/cmTC_4c629.dir/build.make:97: recipe for target 'cmTC_4c629' failed
make[1]: *** [cmTC_4c629] Error 1
make[1]: Leaving directory '/home/ubuntu/htn_ws/build/imu_tools/CMakeFiles/CMakeTmp'
Makefile:126: recipe for target 'cmTC_4c629/fast' failed
make: *** [cmTC_4c629/fast] Error 2


